0 info it worked if it ends with ok
1 verbose cli [ 'F:\\nodejs\\node.exe',
1 verbose cli   'F:\\nodejs\\node_modules\\npm\\bin\\npm-cli.js',
1 verbose cli   'start' ]
2 info using npm@3.3.12
3 info using node@v5.5.0
4 verbose run-script [ 'prestart', 'start', 'poststart' ]
5 info lifecycle angular-boilerplate@1.0.0~prestart: angular-boilerplate@1.0.0
6 verbose lifecycle angular-boilerplate@1.0.0~prestart: unsafe-perm in lifecycle true
7 verbose lifecycle angular-boilerplate@1.0.0~prestart: PATH: F:\nvm-noinstall\v5.5.0\node_modules\npm\bin\node-gyp-bin;F:\WebStrom\fed\node_modules\.bin;C:\Users\Administrator\bin;F:\Git\mingw64\bin;F:\Git\usr\local\bin;F:\Git\usr\bin;F:\Git\usr\bin;F:\Git\mingw64\bin;F:\Git\usr\bin;C:\Users\Administrator\bin;G:\supermap idesktop\Bin;C:\ProgramData\Oracle\Java\javapath;D:\jdk1.8\bin;C:\Windows\system32;C:\Windows;C:\Windows\System32\Wbem;C:\Windows\System32\WindowsPowerShell\v1.0\：D;F:\Git\tomcat9.0\lib;CATALINA_HOME%\bin;C:\Program Files (x86)\Microsoft SQL Server\100\Tools\Binn;C:\Program Files\Microsoft SQL Server\100\Tools\Binn;C:\Program Files\Microsoft SQL Server\100\DTS\Binn;C:\Program Files (x86)\Windows Kits\10\Windows Performance Toolkit;E:\apache-maven-3.5.0\bin;D:\tomcat9.0\bin;D:\tomcat9.0\lib;C:\Program Files\Microsoft SQL Server\110\Tools\Binn;C:\Program Files\Microsoft SQL Server\120\Tools\Binn;F:\Git\cmd;F:\nvm;C:\Program Files\nodejs;F:\nvm;F:\nvm\nvm;C:\Program Files\nodejs;C:\Users\Administrator\AppData\Roaming\npm;F:\nvm\nvm;C:\Program Files\nodejs;F:\nvm\nvm;C:\Program Files\nodejs;C:\Users\Administrator\AppData\Roaming\npm;F:\nvm\nvm;C:\Program Files\nodejs;F:\nvm\nvm;C:\nodejs;C:\Users\Administrator\AppData\Roaming\npm;F:\nvm\nvm;C:\nodejs;F:\nvm\nvm;F:\nodejs;C:\Users\Administrator\AppDat;F:\nvm\nvm;F:\nodejs;F:\nvm-noinstall;F:\nodejs;C:\Users\Administrator\AppData\Roaming\npm;F:\PortableGit\bin;F:\Git\usr\bin\vendor_perl;F:\Git\usr\bin\core_perl
8 verbose lifecycle angular-boilerplate@1.0.0~prestart: CWD: F:\WebStrom\fed
9 silly lifecycle angular-boilerplate@1.0.0~prestart: Args: [ '/d /s /c', 'npm install' ]
10 silly lifecycle angular-boilerplate@1.0.0~prestart: Returned: code: 0  signal: null
11 info lifecycle angular-boilerplate@1.0.0~start: angular-boilerplate@1.0.0
12 verbose lifecycle angular-boilerplate@1.0.0~start: unsafe-perm in lifecycle true
13 verbose lifecycle angular-boilerplate@1.0.0~start: PATH: F:\nvm-noinstall\v5.5.0\node_modules\npm\bin\node-gyp-bin;F:\WebStrom\fed\node_modules\.bin;C:\Users\Administrator\bin;F:\Git\mingw64\bin;F:\Git\usr\local\bin;F:\Git\usr\bin;F:\Git\usr\bin;F:\Git\mingw64\bin;F:\Git\usr\bin;C:\Users\Administrator\bin;G:\supermap idesktop\Bin;C:\ProgramData\Oracle\Java\javapath;D:\jdk1.8\bin;C:\Windows\system32;C:\Windows;C:\Windows\System32\Wbem;C:\Windows\System32\WindowsPowerShell\v1.0\：D;F:\Git\tomcat9.0\lib;CATALINA_HOME%\bin;C:\Program Files (x86)\Microsoft SQL Server\100\Tools\Binn;C:\Program Files\Microsoft SQL Server\100\Tools\Binn;C:\Program Files\Microsoft SQL Server\100\DTS\Binn;C:\Program Files (x86)\Windows Kits\10\Windows Performance Toolkit;E:\apache-maven-3.5.0\bin;D:\tomcat9.0\bin;D:\tomcat9.0\lib;C:\Program Files\Microsoft SQL Server\110\Tools\Binn;C:\Program Files\Microsoft SQL Server\120\Tools\Binn;F:\Git\cmd;F:\nvm;C:\Program Files\nodejs;F:\nvm;F:\nvm\nvm;C:\Program Files\nodejs;C:\Users\Administrator\AppData\Roaming\npm;F:\nvm\nvm;C:\Program Files\nodejs;F:\nvm\nvm;C:\Program Files\nodejs;C:\Users\Administrator\AppData\Roaming\npm;F:\nvm\nvm;C:\Program Files\nodejs;F:\nvm\nvm;C:\nodejs;C:\Users\Administrator\AppData\Roaming\npm;F:\nvm\nvm;C:\nodejs;F:\nvm\nvm;F:\nodejs;C:\Users\Administrator\AppDat;F:\nvm\nvm;F:\nodejs;F:\nvm-noinstall;F:\nodejs;C:\Users\Administrator\AppData\Roaming\npm;F:\PortableGit\bin;F:\Git\usr\bin\vendor_perl;F:\Git\usr\bin\core_perl
14 verbose lifecycle angular-boilerplate@1.0.0~start: CWD: F:\WebStrom\fed
15 silly lifecycle angular-boilerplate@1.0.0~start: Args: [ '/d /s /c', 'hs -a localhost -p 9000 -o' ]
16 silly lifecycle angular-boilerplate@1.0.0~start: Returned: code: 1  signal: null
17 info lifecycle angular-boilerplate@1.0.0~start: Failed to exec start script
18 verbose stack Error: angular-boilerplate@1.0.0 start: `hs -a localhost -p 9000 -o`
18 verbose stack Exit status 1
18 verbose stack     at EventEmitter.<anonymous> (F:\nvm-noinstall\v5.5.0\node_modules\npm\lib\utils\lifecycle.js:232:16)
18 verbose stack     at emitTwo (events.js:100:13)
18 verbose stack     at EventEmitter.emit (events.js:185:7)
18 verbose stack     at ChildProcess.<anonymous> (F:\nvm-noinstall\v5.5.0\node_modules\npm\lib\utils\spawn.js:24:14)
18 verbose stack     at emitTwo (events.js:100:13)
18 verbose stack     at ChildProcess.emit (events.js:185:7)
18 verbose stack     at maybeClose (internal/child_process.js:821:16)
18 verbose stack     at Process.ChildProcess._handle.onexit (internal/child_process.js:211:5)
19 verbose pkgid angular-boilerplate@1.0.0
20 verbose cwd F:\WebStrom\fed
21 error Windows_NT 6.1.7601
22 error argv "F:\\nodejs\\node.exe" "F:\\nodejs\\node_modules\\npm\\bin\\npm-cli.js" "start"
23 error node v5.5.0
24 error npm  v3.3.12
25 error code ELIFECYCLE
26 error angular-boilerplate@1.0.0 start: `hs -a localhost -p 9000 -o`
26 error Exit status 1
27 error Failed at the angular-boilerplate@1.0.0 start script 'hs -a localhost -p 9000 -o'.
27 error Make sure you have the latest version of node.js and npm installed.
27 error If you do, this is most likely a problem with the angular-boilerplate package,
27 error not with npm itself.
27 error Tell the author that this fails on your system:
27 error     hs -a localhost -p 9000 -o
27 error You can get their info via:
27 error     npm owner ls angular-boilerplate
27 error There is likely additional logging output above.
28 verbose exit [ 1, true ]
